<?xml version="1.0" encoding="UTF-8"?>
<testsuites name="Mocha Tests" time="105.5840" tests="1" failures="0">
  <testsuite name="Root Suite" timestamp="2022-05-22T08:07:00" tests="0" time="0.0000" failures="0">
  </testsuite>
  <testsuite name="Create application @e2e-tests" timestamp="2022-05-22T08:07:00" tests="1" file="/Users/avishwakarma/workspace/fis-ds-web/src/test/e2e/tests/SubmitApplication_test.js" time="105.5820" failures="0">
    <testcase name="Create application @e2e-tests: Create full application and submit" time="103.5370" classname="Create full application and submit">
    </testcase>
  </testsuite>
</testsuites>