<?xml version="1.0" encoding="UTF-8"?>
<testsuites name="Mocha Tests" time="82.4040" tests="1" failures="0">
  <testsuite name="Root Suite" timestamp="2022-04-20T09:35:17" tests="0" time="0.0000" failures="0">
  </testsuite>
  <testsuite name="Create application @e2e-tests" timestamp="2022-04-20T09:35:17" tests="1" file="/Users/shilpa.ayyagari/fis-ds-web/src/test/e2e/tests/SubmitApplication_test.js" time="82.4000" failures="0">
    <testcase name="Create application @e2e-tests: Create full application and submit" time="80.3180" classname="Create full application and submit">
    </testcase>
  </testsuite>
</testsuites>